Confirmed Load of Data File: SK1.boot.dat
-------------------
MLE of Gompertz Parameters
Line           Start(a)       Start(b)       a              b              LCI(a)         LCI(b)         UCI(a)         UCI(b)         Like           Inform         
Line1          0.00010        0.10000        0.01595        0.06539        0.00966        0.04724        0.02633        0.09051        -264.74810     0              
Line2          0.00010        0.10000        0.00992        0.08147        0.00570        0.06235        0.01727        0.10646        -262.37503     0              
Line3          0.00010        0.10000        0.01288        0.07210        0.00788        0.05474        0.02105        0.09495        -263.53529     0              
Line4          0.00010        0.10000        0.01101        0.07353        0.00638        0.05522        0.01901        0.09791        -266.34497     0              
Line5          0.00010        0.10000        0.01327        0.06667        0.00784        0.04866        0.02247        0.09137        -268.26255     0              
Line6          0.00010        0.10000        0.01435        0.06833        0.00865        0.05036        0.02381        0.09271        -264.70790     0              
Line7          0.00010        0.10000        0.01002        0.08046        0.00580        0.06172        0.01730        0.10489        -262.78295     0              
Line8          0.00010        0.10000        0.00920        0.08040        0.00529        0.06173        0.01602        0.10473        -264.47412     0              
Line9          0.00010        0.10000        0.01043        0.08362        0.00603        0.06409        0.01802        0.10910        -260.06340     0              
Line10         0.00010        0.10000        0.00744        0.08763        0.00420        0.06882        0.01318        0.11158        -261.64255     0              
Line11         0.00010        0.10000        0.01539        0.06926        0.00906        0.04947        0.02616        0.09696        -263.69544     0              
Line12         0.00010        0.10000        0.00783        0.08645        0.00433        0.06671        0.01415        0.11202        -263.43067     0              
Line13         0.00010        0.10000        0.01617        0.06768        0.00961        0.04814        0.02721        0.09514        -263.45071     0              
Line14         0.00010        0.10000        0.01095        0.07350        0.00644        0.05570        0.01864        0.09698        -265.96168     0              
Line15         0.00010        0.10000        0.01379        0.07252        0.00830        0.05423        0.02290        0.09697        -262.34046     0              
Line16         0.00010        0.10000        0.01151        0.07528        0.00679        0.05684        0.01953        0.09970        -264.52844     0              
Line17         0.00010        0.10000        0.01025        0.09403        0.00587        0.07262        0.01792        0.12176        -253.99268     0              
Line18         0.00010        0.10000        0.00885        0.09442        0.00500        0.07374        0.01565        0.12090        -255.70134     0              
Line19         0.00010        0.10000        0.01717        0.06602        0.01041        0.04718        0.02831        0.09238        -262.69525     0              
Line20         0.00010        0.10000        0.01330        0.07581        0.00800        0.05729        0.02213        0.10032        -260.55583     0              
Line21         0.00010        0.10000        0.01404        0.06698        0.00838        0.04928        0.02353        0.09103        -265.98500     0              
Line22         0.00010        0.10000        0.01099        0.08303        0.00629        0.06272        0.01919        0.10993        -260.12929     0              
Line23         0.00010        0.10000        0.01480        0.05895        0.00899        0.04252        0.02437        0.08173        -271.15207     0              
Line24         0.00010        0.10000        0.02038        0.06183        0.01236        0.04278        0.03361        0.08936        -261.26333     0              
Line25         0.00010        0.10000        0.00971        0.08019        0.00559        0.06147        0.01685        0.10462        -263.90542     0              
Line26         0.00010        0.10000        0.01217        0.06988        0.00706        0.05153        0.02097        0.09478        -267.63670     0              
Line27         0.00010        0.10000        0.01085        0.08532        0.00631        0.06554        0.01867        0.11107        -258.14312     0              
Line28         0.00010        0.10000        0.01009        0.07957        0.00588        0.06117        0.01734        0.10350        -262.88547     0              
Line29         0.00010        0.10000        0.01220        0.07340        0.00721        0.05511        0.02064        0.09776        -264.37073     0              
Line30         0.00010        0.10000        0.01718        0.06992        0.01036        0.05025        0.02850        0.09730        -260.00863     0              
Line31         0.00010        0.10000        0.01544        0.06332        0.00919        0.04500        0.02592        0.08911        -267.55235     0              
Line32         0.00010        0.10000        0.00575        0.12699        0.00301        0.10143        0.01098        0.15899        -243.27002     0              
Line33         0.00010        0.10000        0.00671        0.10376        0.00366        0.08209        0.01232        0.13116        -253.50357     0              
Line34         0.00010        0.10000        0.01337        0.07928        0.00792        0.05945        0.02257        0.10573        -258.80183     0              
Line35         0.00010        0.10000        0.01969        0.05543        0.01220        0.03827        0.03179        0.08030        -266.81820     0              
Line36         0.00010        0.10000        0.01377        0.07570        0.00820        0.05637        0.02312        0.10166        -260.60634     0              
Line37         0.00010        0.10000        0.00971        0.08366        0.00558        0.06442        0.01687        0.10865        -261.09957     0              
Line38         0.00010        0.10000        0.00914        0.08815        0.00527        0.06883        0.01585        0.11288        -258.32833     0              
Line39         0.00010        0.10000        0.00961        0.10093        0.00542        0.07836        0.01705        0.13001        -251.01571     0              
Line40         0.00010        0.10000        0.00853        0.09104        0.00494        0.07212        0.01472        0.11492        -256.26613     0              
Line41         0.00010        0.10000        0.00910        0.08007        0.00525        0.06191        0.01579        0.10355        -264.02920     0              
Line42         0.00010        0.10000        0.01140        0.08181        0.00658        0.06172        0.01976        0.10843        -260.48129     0              
Line43         0.00010        0.10000        0.00921        0.08350        0.00523        0.06419        0.01620        0.10863        -262.43409     0              
Line44         0.00010        0.10000        0.00618        0.09737        0.00336        0.07713        0.01136        0.12292        -258.32671     0              
Line45         0.00010        0.10000        0.00903        0.09180        0.00507        0.07115        0.01607        0.11844        -257.12186     0              
Line46         0.00010        0.10000        0.01099        0.08281        0.00647        0.06377        0.01869        0.10754        -259.11788     0              
Line47         0.00010        0.10000        0.01205        0.09655        0.00680        0.07281        0.02137        0.12802        -251.06334     0              
Line48         0.00010        0.10000        0.00948        0.09263        0.00529        0.07089        0.01698        0.12104        -256.97721     0              
Line49         0.00010        0.10000        0.01243        0.07126        0.00731        0.05281        0.02112        0.09614        -265.92762     0              
Line50         0.00010        0.10000        0.00944        0.08453        0.00554        0.06631        0.01609        0.10775        -259.38233     0              
Line51         0.00010        0.10000        0.01147        0.07731        0.00676        0.05880        0.01946        0.10167        -262.47197     0              
Line52         0.00010        0.10000        0.01358        0.07461        0.00811        0.05577        0.02274        0.09982        -261.42275     0              
Line53         0.00010        0.10000        0.00980        0.09257        0.00562        0.07188        0.01707        0.11923        -255.22422     0              
Line54         0.00010        0.10000        0.01543        0.07104        0.00928        0.05197        0.02566        0.09710        -261.46068     0              
Line55         0.00010        0.10000        0.01006        0.08387        0.00584        0.06476        0.01732        0.10861        -260.04418     0              
Line56         0.00010        0.10000        0.01009        0.08109        0.00582        0.06205        0.01749        0.10596        -262.34143     0              
Line57         0.00010        0.10000        0.00707        0.11133        0.00376        0.08714        0.01327        0.14224        -250.08879     0              
Line58         0.00010        0.10000        0.01048        0.08662        0.00600        0.06614        0.01829        0.11344        -258.48169     0              
Line59         0.00010        0.10000        0.01099        0.07486        0.00648        0.05685        0.01864        0.09858        -264.99378     0              
Line60         0.00010        0.10000        0.00614        0.10983        0.00335        0.08807        0.01126        0.13696        -249.81212     0              
Line61         0.00010        0.10000        0.01088        0.08467        0.00620        0.06415        0.01907        0.11175        -259.30464     0              
Line62         0.00010        0.10000        0.00521        0.10188        0.00281        0.08190        0.00965        0.12674        -255.64398     0              
Line63         0.00010        0.10000        0.00639        0.10171        0.00350        0.08086        0.01167        0.12794        -254.44298     0              
Line64         0.00010        0.10000        0.01001        0.08228        0.00571        0.06260        0.01754        0.10814        -262.54056     0              
Line65         0.00010        0.10000        0.00742        0.09416        0.00415        0.07422        0.01329        0.11945        -257.67328     0              
Line66         0.00010        0.10000        0.01154        0.08072        0.00674        0.06125        0.01975        0.10638        -260.45152     0              
Line67         0.00010        0.10000        0.00855        0.08534        0.00478        0.06560        0.01531        0.11101        -262.57284     0              
Line68         0.00010        0.10000        0.00970        0.09475        0.00571        0.07504        0.01649        0.11964        -252.43721     0              
Line69         0.00010        0.10000        0.01228        0.07821        0.00715        0.05844        0.02110        0.10468        -261.82228     0              
Line70         0.00010        0.10000        0.01250        0.07612        0.00709        0.05580        0.02201        0.10384        -263.25659     0              
Line71         0.00010        0.10000        0.00843        0.09226        0.00459        0.07047        0.01551        0.12078        -259.44302     0              
