Confirmed Load of Data File: M22.boot.dat
-------------------
MLE of Gompertz Parameters
Line           Start(a)       Start(b)       a              b              LCI(a)         LCI(b)         UCI(a)         UCI(b)         Like           Inform         
Line1          0.00010        0.10000        0.00194        0.11155        0.00082        0.08870        0.00458        0.14029        -217.57029     0              
Line2          0.00010        0.10000        0.00216        0.11417        0.00096        0.09164        0.00486        0.14225        -214.33369     0              
Line3          0.00010        0.10000        0.00328        0.09561        0.00147        0.07368        0.00731        0.12408        -225.20317     0              
Line4          0.00010        0.10000        0.00188        0.10991        0.00080        0.08768        0.00440        0.13777        -217.82144     0              
Line5          0.00010        0.10000        0.00172        0.11022        0.00070        0.08695        0.00423        0.13972        -220.11531     0              
Line6          0.00010        0.10000        0.00189        0.10801        0.00080        0.08565        0.00448        0.13620        -219.89156     0              
Line7          0.00010        0.10000        0.00268        0.10365        0.00120        0.08158        0.00600        0.13170        -220.57739     0              
Line8          0.00010        0.10000        0.00180        0.11373        0.00075        0.09036        0.00432        0.14315        -217.22411     0              
Line9          0.00010        0.10000        0.00198        0.11651        0.00083        0.09237        0.00472        0.14694        -215.66467     0              
Line10         0.00010        0.10000        0.00324        0.09901        0.00152        0.07803        0.00693        0.12562        -220.86658     0              
Line11         0.00010        0.10000        0.00178        0.10327        0.00074        0.08161        0.00427        0.13068        -222.81892     0              
Line12         0.00010        0.10000        0.00343        0.09253        0.00163        0.07264        0.00721        0.11786        -224.06799     0              
Line13         0.00010        0.10000        0.00296        0.09751        0.00132        0.07592        0.00667        0.12525        -223.82877     0              
Line14         0.00010        0.10000        0.00194        0.10722        0.00081        0.08471        0.00462        0.13570        -220.30752     0              
Line15         0.00010        0.10000        0.00416        0.08968        0.00201        0.06950        0.00862        0.11572        -225.39942     0              
Line16         0.00010        0.10000        0.00328        0.09500        0.00150        0.07385        0.00713        0.12222        -224.60783     0              
Line17         0.00010        0.10000        0.00208        0.10381        0.00087        0.08135        0.00495        0.13246        -222.72977     0              
Line18         0.00010        0.10000        0.00214        0.10866        0.00094        0.08670        0.00484        0.13619        -217.77271     0              
Line19         0.00010        0.10000        0.00148        0.12059        0.00060        0.09672        0.00364        0.15036        -213.71039     0              
Line20         0.00010        0.10000        0.00128        0.12194        0.00049        0.09706        0.00331        0.15319        -214.86521     0              
Line21         0.00010        0.10000        0.00306        0.09277        0.00139        0.07215        0.00671        0.11927        -226.43835     0              
Line22         0.00010        0.10000        0.00155        0.11856        0.00063        0.09462        0.00382        0.14857        -215.06637     0              
Line23         0.00010        0.10000        0.00286        0.09992        0.00130        0.07859        0.00629        0.12702        -221.85130     0              
Line24         0.00010        0.10000        0.00230        0.11071        0.00101        0.08808        0.00522        0.13915        -216.69896     0              
Line25         0.00010        0.10000        0.00257        0.10279        0.00117        0.08147        0.00562        0.12969        -221.20143     0              
Line26         0.00010        0.10000        0.00384        0.09661        0.00186        0.07609        0.00792        0.12266        -220.69936     0              
Line27         0.00010        0.10000        0.00336        0.09946        0.00154        0.07737        0.00732        0.12786        -221.99692     0              
Line28         0.00010        0.10000        0.00187        0.12289        0.00078        0.09811        0.00448        0.15392        -212.07070     0              
Line29         0.00010        0.10000        0.00208        0.11505        0.00091        0.09226        0.00476        0.14348        -214.79570     0              
Line30         0.00010        0.10000        0.00215        0.10704        0.00091        0.08421        0.00508        0.13607        -220.16298     0              
Line31         0.00010        0.10000        0.00210        0.11505        0.00091        0.09179        0.00487        0.14421        -214.80668     0              
Line32         0.00010        0.10000        0.00072        0.12697        0.00025        0.10143        0.00210        0.15895        -214.81959     0              
Line33         0.00010        0.10000        0.00198        0.11504        0.00084        0.09174        0.00463        0.14426        -215.07482     0              
Line34         0.00010        0.10000        0.00158        0.11701        0.00063        0.09277        0.00395        0.14758        -216.52660     0              
Line35         0.00010        0.10000        0.00135        0.12176        0.00053        0.09737        0.00340        0.15226        -214.43976     0              
Line36         0.00010        0.10000        0.00338        0.09704        0.00155        0.07535        0.00736        0.12497        -223.56618     0              
Line37         0.00010        0.10000        0.00322        0.09994        0.00149        0.07837        0.00696        0.12745        -221.41247     0              
Line38         0.00010        0.10000        0.00230        0.10158        0.00098        0.07949        0.00536        0.12981        -224.16829     0              
Line39         0.00010        0.10000        0.00322        0.09963        0.00151        0.07860        0.00688        0.12628        -220.48062     0              
Line40         0.00010        0.10000        0.00243        0.10724        0.00107        0.08475        0.00551        0.13570        -219.21419     0              
Line41         0.00010        0.10000        0.00138        0.11498        0.00054        0.09137        0.00351        0.14468        -217.98541     0              
Line42         0.00010        0.10000        0.00181        0.11047        0.00075        0.08745        0.00436        0.13955        -219.41421     0              
Line43         0.00010        0.10000        0.00239        0.10742        0.00106        0.08539        0.00537        0.13515        -218.14767     0              
Line44         0.00010        0.10000        0.00189        0.11442        0.00080        0.09109        0.00447        0.14374        -216.38471     0              
Line45         0.00010        0.10000        0.00440        0.09128        0.00215        0.07082        0.00899        0.11764        -224.21791     0              
Line46         0.00010        0.10000        0.00132        0.11759        0.00053        0.09429        0.00331        0.14666        -215.29149     0              
Line47         0.00010        0.10000        0.00317        0.09936        0.00152        0.07903        0.00663        0.12491        -219.89762     0              
Line48         0.00010        0.10000        0.00219        0.11358        0.00092        0.08922        0.00524        0.14460        -217.81923     0              
Line49         0.00010        0.10000        0.00429        0.09030        0.00209        0.07003        0.00880        0.11645        -224.63394     0              
Line50         0.00010        0.10000        0.00108        0.12723        0.00041        0.10222        0.00282        0.15836        -211.85147     0              
Line51         0.00010        0.10000        0.00373        0.09117        0.00177        0.07108        0.00783        0.11694        -225.18631     0              
Line52         0.00010        0.10000        0.00144        0.11445        0.00058        0.09112        0.00361        0.14375        -217.44343     0              
Line53         0.00010        0.10000        0.00144        0.11900        0.00058        0.09518        0.00358        0.14878        -215.14750     0              
Line54         0.00010        0.10000        0.00261        0.10764        0.00117        0.08518        0.00578        0.13603        -218.32338     0              
Line55         0.00010        0.10000        0.00233        0.10323        0.00103        0.08167        0.00529        0.13047        -221.01983     0              
Line56         0.00010        0.10000        0.00237        0.10570        0.00101        0.08292        0.00555        0.13473        -220.49950     0              
Line57         0.00010        0.10000        0.00337        0.09851        0.00157        0.07726        0.00722        0.12561        -221.67927     0              
Line58         0.00010        0.10000        0.00128        0.12186        0.00050        0.09733        0.00328        0.15258        -214.03982     0              
Line59         0.00010        0.10000        0.00141        0.12171        0.00056        0.09720        0.00355        0.15238        -214.05179     0              
Line60         0.00010        0.10000        0.00404        0.09113        0.00195        0.07092        0.00836        0.11709        -224.56719     0              
