Confirmed Load of Data File: YPS128.boot.dat
-------------------
MLE of Gompertz Parameters
Line           Start(a)       Start(b)       a              b              LCI(a)         LCI(b)         UCI(a)         UCI(b)         Like           Inform         
Line1          0.00010        0.10000        0.00099        0.11932        0.00040        0.09744        0.00243        0.14611        -248.22701     0              
Line2          0.00010        0.10000        0.00040        0.15059        0.00014        0.12408        0.00117        0.18277        -234.92680     0              
Line3          0.00010        0.10000        0.00124        0.11522        0.00053        0.09411        0.00289        0.14107        -249.07444     0              
Line4          0.00010        0.10000        0.00112        0.11794        0.00047        0.09622        0.00269        0.14457        -248.67838     0              
Line5          0.00010        0.10000        0.00183        0.10749        0.00084        0.08770        0.00396        0.13175        -251.83045     0              
Line6          0.00010        0.10000        0.00139        0.11292        0.00061        0.09209        0.00321        0.13847        -250.05793     0              
Line7          0.00010        0.10000        0.00140        0.10948        0.00060        0.08858        0.00329        0.13530        -253.01729     0              
Line8          0.00010        0.10000        0.00114        0.11924        0.00048        0.09753        0.00271        0.14578        -247.08585     0              
Line9          0.00010        0.10000        0.00190        0.10788        0.00086        0.08693        0.00424        0.13388        -253.77182     0              
Line10         0.00010        0.10000        0.00109        0.11705        0.00045        0.09514        0.00266        0.14400        -249.83690     0              
Line11         0.00010        0.10000        0.00076        0.12642        0.00030        0.10392        0.00193        0.15380        -244.12456     0              
Line12         0.00010        0.10000        0.00085        0.12429        0.00033        0.10137        0.00218        0.15241        -246.65884     0              
Line13         0.00010        0.10000        0.00162        0.11399        0.00072        0.09262        0.00366        0.14028        -249.76960     0              
Line14         0.00010        0.10000        0.00150        0.11248        0.00065        0.09106        0.00347        0.13894        -251.56697     0              
Line15         0.00010        0.10000        0.00142        0.11054        0.00061        0.08962        0.00330        0.13635        -252.43285     0              
Line16         0.00010        0.10000        0.00147        0.11203        0.00064        0.09091        0.00338        0.13806        -251.50688     0              
Line17         0.00010        0.10000        0.00205        0.10343        0.00095        0.08353        0.00446        0.12808        -254.69515     0              
Line18         0.00010        0.10000        0.00080        0.12663        0.00031        0.10305        0.00209        0.15562        -246.52498     0              
Line19         0.00010        0.10000        0.00070        0.13567        0.00027        0.11161        0.00182        0.16492        -239.89225     0              
Line20         0.00010        0.10000        0.00103        0.12095        0.00042        0.09864        0.00252        0.14832        -247.27381     0              
Line21         0.00010        0.10000        0.00149        0.10938        0.00064        0.08804        0.00351        0.13588        -254.24692     0              
Line22         0.00010        0.10000        0.00043        0.14178        0.00015        0.11654        0.00123        0.17249        -238.02837     0              
Line23         0.00010        0.10000        0.00068        0.13234        0.00026        0.10906        0.00177        0.16058        -241.23164     0              
Line24         0.00010        0.10000        0.00106        0.11977        0.00044        0.09781        0.00257        0.14666        -247.63840     0              
Line25         0.00010        0.10000        0.00073        0.12844        0.00028        0.10495        0.00191        0.15718        -244.68587     0              
Line26         0.00010        0.10000        0.00167        0.10687        0.00073        0.08628        0.00378        0.13237        -254.11983     0              
Line27         0.00010        0.10000        0.00174        0.10554        0.00076        0.08467        0.00398        0.13156        -256.00806     0              
Line28         0.00010        0.10000        0.00069        0.12906        0.00026        0.10567        0.00183        0.15763        -244.26161     0              
Line29         0.00010        0.10000        0.00058        0.13483        0.00022        0.11132        0.00153        0.16329        -239.40606     0              
Line30         0.00010        0.10000        0.00104        0.12077        0.00043        0.09876        0.00251        0.14770        -247.21565     0              
Line31         0.00010        0.10000        0.00086        0.12436        0.00035        0.10233        0.00213        0.15113        -244.35546     0              
Line32         0.00010        0.10000        0.00109        0.11681        0.00045        0.09530        0.00262        0.14316        -249.92495     0              
Line33         0.00010        0.10000        0.00050        0.13443        0.00018        0.11043        0.00138        0.16364        -241.50680     0              
Line34         0.00010        0.10000        0.00053        0.13668        0.00019        0.11217        0.00147        0.16654        -241.02779     0              
Line35         0.00010        0.10000        0.00077        0.13100        0.00030        0.10792        0.00195        0.15902        -240.65658     0              
Line36         0.00010        0.10000        0.00134        0.11488        0.00057        0.09334        0.00315        0.14140        -250.15645     0              
Line37         0.00010        0.10000        0.00152        0.11317        0.00065        0.09099        0.00360        0.14076        -252.30417     0              
Line38         0.00010        0.10000        0.00139        0.10794        0.00058        0.08668        0.00331        0.13441        -256.07970     0              
Line39         0.00010        0.10000        0.00057        0.13367        0.00021        0.10961        0.00156        0.16302        -242.34630     0              
Line40         0.00010        0.10000        0.00100        0.12110        0.00040        0.09861        0.00247        0.14872        -248.19678     0              
Line41         0.00010        0.10000        0.00096        0.12425        0.00038        0.10121        0.00240        0.15253        -246.51129     0              
Line42         0.00010        0.10000        0.00161        0.10824        0.00070        0.08745        0.00369        0.13399        -253.65061     0              
Line43         0.00010        0.10000        0.00130        0.11779        0.00055        0.09541        0.00311        0.14542        -249.72103     0              
Line44         0.00010        0.10000        0.00242        0.10348        0.00117        0.08416        0.00501        0.12724        -252.21900     0              
Line45         0.00010        0.10000        0.00084        0.12681        0.00033        0.10318        0.00218        0.15585        -246.13562     0              
Line46         0.00010        0.10000        0.00209        0.09931        0.00098        0.08010        0.00450        0.12313        -257.52875     0              
Line47         0.00010        0.10000        0.00099        0.11929        0.00039        0.09681        0.00248        0.14698        -249.60407     0              
Line48         0.00010        0.10000        0.00148        0.11061        0.00065        0.08986        0.00339        0.13614        -252.28295     0              
Line49         0.00010        0.10000        0.00085        0.13010        0.00034        0.10702        0.00211        0.15815        -242.18559     0              
Line50         0.00010        0.10000        0.00145        0.11492        0.00063        0.09367        0.00331        0.14099        -248.96742     0              
Line51         0.00010        0.10000        0.00119        0.11749        0.00050        0.09561        0.00284        0.14437        -249.22348     0              
Line52         0.00010        0.10000        0.00057        0.13724        0.00021        0.11312        0.00153        0.16651        -239.28617     0              
Line53         0.00010        0.10000        0.00098        0.12376        0.00040        0.10136        0.00241        0.15111        -245.43406     0              
Line54         0.00010        0.10000        0.00079        0.13373        0.00032        0.11026        0.00199        0.16219        -240.66673     0              
Line55         0.00010        0.10000        0.00060        0.13768        0.00022        0.11312        0.00162        0.16756        -239.81212     0              
Line56         0.00010        0.10000        0.00093        0.12592        0.00037        0.10293        0.00231        0.15404        -245.04801     0              
Line57         0.00010        0.10000        0.00069        0.13057        0.00026        0.10720        0.00180        0.15903        -242.60227     0              
Line58         0.00010        0.10000        0.00168        0.11302        0.00075        0.09216        0.00373        0.13860        -249.76992     0              
Line59         0.00010        0.10000        0.00086        0.12293        0.00034        0.10082        0.00213        0.14988        -246.06648     0              
Line60         0.00010        0.10000        0.00129        0.12113        0.00055        0.09890        0.00303        0.14834        -246.08080     0              
Line61         0.00010        0.10000        0.00080        0.12803        0.00031        0.10455        0.00207        0.15678        -245.18007     0              
Line62         0.00010        0.10000        0.00114        0.11709        0.00046        0.09436        0.00285        0.14530        -251.69396     0              
Line63         0.00010        0.10000        0.00190        0.10306        0.00085        0.08262        0.00426        0.12855        -257.23370     0              
Line64         0.00010        0.10000        0.00065        0.13199        0.00024        0.10799        0.00175        0.16134        -242.85141     0              
Line65         0.00010        0.10000        0.00041        0.14459        0.00014        0.11865        0.00119        0.17620        -238.20032     0              
Line66         0.00010        0.10000        0.00161        0.10826        0.00071        0.08784        0.00364        0.13343        -252.89802     0              
Line67         0.00010        0.10000        0.00106        0.11874        0.00043        0.09683        0.00258        0.14562        -248.64898     0              
Line68         0.00010        0.10000        0.00083        0.12315        0.00033        0.10084        0.00210        0.15040        -246.23640     0              
Line69         0.00010        0.10000        0.00081        0.12870        0.00032        0.10598        0.00202        0.15628        -242.53671     0              
