expt	Line           Start(a)       Start(b)       a              b              LCI(a)         LCI(b)         UCI(a)         UCI(b)         Like           Inform         
101S.091904	Line1          0.00010        0.10000        0.00070        0.16873        0.00013        0.12072        0.00377        0.23583        -87.33302      0              
101S.122004	Line2          0.00010        0.10000        0.00144        0.12479        0.00048        0.09633        0.00439        0.16167        -104.77063     0              
101S.merged	Line3          0.00010        0.10000        0.00156        0.12892        0.00069        0.10617        0.00353        0.15655        -195.07373     0              
BY4743.010305	Line1          0.00010        0.10000        0.00452        0.07698        0.00182        0.05524        0.01121        0.10727        -116.76493     0              
BY4743.011705	Line2          0.00010        0.10000        0.00446        0.07044        0.00186        0.05096        0.01070        0.09736        -118.82115     0              
BY4743.122004	Line3          0.00010        0.10000        0.00158        0.11430        0.00044        0.08238        0.00568        0.15859        -110.98088     0              
BY4743.merged	Line4          0.00010        0.10000        0.00403        0.07864        0.00238        0.06541        0.00683        0.09455        -349.86225     0              
M1-2.030905	Line1          0.00010        0.10000        0.00328        0.11246        0.00104        0.07906        0.01038        0.15999        -98.40922      0              
M1-2.091904	Line2          0.00010        0.10000        0.00169        0.13651        0.00043        0.09743        0.00659        0.19126        -94.89307      0              
M1-2.merged	Line3          0.00010        0.10000        0.00245        0.12310        0.00103        0.09686        0.00583        0.15645        -193.61834     0              
M13.030205	Line1          0.00010        0.10000        0.00106        0.16127        0.00025        0.11854        0.00441        0.21941        -97.67358      0              
M13.051704	Line2          0.00010        0.10000        0.00473        0.10455        0.00196        0.07709        0.01144        0.14178        -150.51839     0              
M13.merged	Line3          0.00010        0.10000        0.00293        0.12285        0.00139        0.09897        0.00617        0.15249        -250.13223     0              
M14.030905	Line1          0.00010        0.10000        0.00067        0.12620        0.00014        0.09126        0.00316        0.17452        -109.83723     0              
M14.032105	Line2          0.00010        0.10000        0.00315        0.07522        0.00107        0.05182        0.00927        0.10919        -121.00944     0              
M14.merged	Line3          0.00010        0.10000        0.00195        0.09149        0.00084        0.07197        0.00452        0.11630        -233.73504     0              
M22.030905	Line1          0.00010        0.10000        0.00222        0.10013        0.00066        0.07039        0.00749        0.14245        -114.56707     0              
M22.090104	Line2          0.00010        0.10000        0.00149        0.12936        0.00043        0.09629        0.00513        0.17379        -105.69122     0              
M22.merged	Line3          0.00010        0.10000        0.00211        0.10821        0.00091        0.08582        0.00490        0.13644        -222.86709     0              
M2-8.011705	Line1          0.00010        0.10000        0.00578        0.09918        0.00286        0.07624        0.01167        0.12903        -205.97944     0              
M2-8.020105	Line2          0.00010        0.10000        0.00202        0.15851        0.00081        0.12679        0.00504        0.19815        -161.74679     0              
M2-8.merged	Line3          0.00010        0.10000        0.00436        0.11608        0.00256        0.09766        0.00744        0.13798        -373.27515     0              
M32.020905	Line1          0.00010        0.10000        0.00123        0.15673        0.00035        0.11893        0.00436        0.20654        -99.27146      0              
M32.122004	Line2          0.00010        0.10000        0.00226        0.12801        0.00069        0.09366        0.00736        0.17496        -105.61729     0              
M32.merged	Line3          0.00010        0.10000        0.00174        0.14043        0.00074        0.11410        0.00409        0.17285        -205.63913     0              
M34.010305	Line1          0.00010        0.10000        0.00160        0.14641        0.00041        0.10506        0.00624        0.20404        -104.48880     0              
M34.030105	Line2          0.00010        0.10000        0.00096        0.17088        0.00022        0.12578        0.00415        0.23214        -93.11142      0              
M34.merged	Line3          0.00010        0.10000        0.00129        0.15693        0.00047        0.12489        0.00353        0.19719        -197.99030     0              
M5.122004	Line1          0.00010        0.10000        0.00164        0.08490        0.00048        0.06054        0.00555        0.11905        -119.44102     0              
M5.041505	Line2          0.00010        0.10000        0.00206        0.09173        0.00072        0.06840        0.00591        0.12301        -114.26180     0              
M5.merged	Line3          0.00010        0.10000        0.00200        0.08523        0.00090        0.06789        0.00441        0.10700        -235.52054     0              
M8.030205	Line1          0.00010        0.10000        0.00027        0.16523        0.00005        0.12623        0.00140        0.21629        -99.02495      0              
M8.030905	Line2          0.00010        0.10000        0.00048        0.15280        0.00010        0.11382        0.00233        0.20513        -102.63942     0              
M8.merged	Line3          0.00010        0.10000        0.00037        0.15889        0.00012        0.13029        0.00113        0.19376        -201.85531     0              
RM112N.032405	Line1          0.00010        0.10000        0.00108        0.08772        0.00029        0.06353        0.00399        0.12112        -114.45978     0              
RM112N.032105	Line2          0.00010        0.10000        0.00209        0.08571        0.00068        0.06168        0.00644        0.11911        -122.07795     0              
RM112N.merged	Line3          0.00010        0.10000        0.00178        0.08186        0.00078        0.06479        0.00406        0.10343        -238.90002     0              
YPS128.010305	Line1          0.00010        0.10000        0.00148        0.11136        0.00043        0.08170        0.00512        0.15178        -110.81483     0              
YPS128.020105	Line2          0.00010        0.10000        0.00085        0.12531        0.00024        0.09560        0.00295        0.16425        -141.20788     0              
YPS128.merged	Line3          0.00010        0.10000        0.00110        0.11866        0.00046        0.09682        0.00266        0.14543        -252.23435     0              
YPS163.010305	Line1          0.00010        0.10000        0.00106        0.13323        0.00027        0.09859        0.00408        0.18005        -106.07295     0              
YPS163.030105	Line2          0.00010        0.10000        0.00019        0.17404        0.00003        0.13112        0.00117        0.23101        -98.57825      0              
YPS163.040805	Line3          0.00010        0.10000        0.00301        0.09390        0.00121        0.07055        0.00752        0.12497        -152.02785     0              
YPS163.merged	Line4          0.00010        0.10000        0.00135        0.11951        0.00068        0.10150        0.00267        0.14071        -362.18511     0              
