Confirmed Load of Data File: YPS163.boot.dat
-------------------
MLE of Gompertz Parameters
Line           Start(a)       Start(b)       a              b              LCI(a)         LCI(b)         UCI(a)         UCI(b)         Like           Inform         
Line1          0.00010        0.10000        0.00056        0.14364        0.00028        0.12571        0.00112        0.16413        -446.00653     0              
Line2          0.00010        0.10000        0.00072        0.14039        0.00036        0.12148        0.00147        0.16224        -452.80927     0              
Line3          0.00010        0.10000        0.00064        0.13855        0.00031        0.11999        0.00132        0.15999        -455.05495     0              
Line4          0.00010        0.10000        0.00140        0.11465        0.00077        0.09910        0.00255        0.13265        -472.44240     0              
Line5          0.00010        0.10000        0.00133        0.12013        0.00073        0.10431        0.00241        0.13834        -465.99873     0              
Line6          0.00010        0.10000        0.00092        0.13046        0.00048        0.11310        0.00177        0.15048        -459.89494     0              
Line7          0.00010        0.10000        0.00038        0.15380        0.00017        0.13320        0.00084        0.17758        -444.18739     0              
Line8          0.00010        0.10000        0.00097        0.12982        0.00051        0.11307        0.00182        0.14904        -457.82948     0              
Line9          0.00010        0.10000        0.00132        0.11653        0.00073        0.10122        0.00238        0.13416        -468.79556     0              
Line10         0.00010        0.10000        0.00058        0.14456        0.00028        0.12497        0.00122        0.16721        -450.73258     0              
Line11         0.00010        0.10000        0.00101        0.12403        0.00054        0.10761        0.00192        0.14295        -464.39833     0              
Line12         0.00010        0.10000        0.00089        0.12734        0.00047        0.11106        0.00168        0.14600        -459.57295     0              
Line13         0.00010        0.10000        0.00059        0.14597        0.00028        0.12554        0.00127        0.16972        -453.13027     0              
Line14         0.00010        0.10000        0.00094        0.12786        0.00050        0.11116        0.00179        0.14708        -459.30221     0              
Line15         0.00010        0.10000        0.00169        0.11206        0.00097        0.09730        0.00295        0.12906        -470.94085     0              
Line16         0.00010        0.10000        0.00087        0.13181        0.00045        0.11474        0.00167        0.15141        -455.95582     0              
Line17         0.00010        0.10000        0.00044        0.14987        0.00020        0.12988        0.00096        0.17294        -445.38585     0              
Line18         0.00010        0.10000        0.00130        0.11863        0.00071        0.10286        0.00236        0.13681        -467.64178     0              
Line19         0.00010        0.10000        0.00096        0.12650        0.00051        0.11017        0.00180        0.14525        -461.69872     0              
Line20         0.00010        0.10000        0.00133        0.11629        0.00074        0.10101        0.00239        0.13388        -468.56462     0              
Line21         0.00010        0.10000        0.00048        0.15200        0.00022        0.13174        0.00103        0.17537        -443.58663     0              
Line22         0.00010        0.10000        0.00049        0.14666        0.00022        0.12667        0.00105        0.16981        -450.22880     0              
Line23         0.00010        0.10000        0.00047        0.15321        0.00022        0.13214        0.00104        0.17764        -446.01348     0              
Line24         0.00010        0.10000        0.00122        0.12248        0.00068        0.10686        0.00221        0.14038        -462.59567     0              
Line25         0.00010        0.10000        0.00101        0.12532        0.00052        0.10825        0.00193        0.14508        -465.46511     0              
Line26         0.00010        0.10000        0.00151        0.11171        0.00084        0.09649        0.00271        0.12933        -475.55976     0              
Line27         0.00010        0.10000        0.00041        0.16038        0.00018        0.13878        0.00091        0.18535        -437.70376     0              
Line28         0.00010        0.10000        0.00020        0.17299        0.00008        0.14982        0.00048        0.19973        -431.60800     0              
Line29         0.00010        0.10000        0.00065        0.14342        0.00031        0.12406        0.00134        0.16580        -450.30900     0              
Line30         0.00010        0.10000        0.00103        0.12321        0.00056        0.10757        0.00190        0.14112        -461.13586     0              
Line31         0.00010        0.10000        0.00081        0.13201        0.00042        0.11486        0.00158        0.15172        -456.32450     0              
Line32         0.00010        0.10000        0.00109        0.12479        0.00059        0.10856        0.00203        0.14345        -461.57383     0              
Line33         0.00010        0.10000        0.00034        0.15877        0.00015        0.13809        0.00076        0.18255        -437.42257     0              
Line34         0.00010        0.10000        0.00043        0.14765        0.00021        0.12881        0.00091        0.16924        -444.21026     0              
Line35         0.00010        0.10000        0.00080        0.12955        0.00042        0.11335        0.00151        0.14807        -456.83770     0              
Line36         0.00010        0.10000        0.00063        0.14065        0.00031        0.12186        0.00129        0.16234        -453.24840     0              
Line37         0.00010        0.10000        0.00083        0.13151        0.00043        0.11433        0.00161        0.15128        -457.06559     0              
Line38         0.00010        0.10000        0.00076        0.13747        0.00038        0.11889        0.00153        0.15894        -455.02306     0              
Line39         0.00010        0.10000        0.00116        0.11569        0.00064        0.10066        0.00212        0.13296        -469.95069     0              
Line40         0.00010        0.10000        0.00088        0.13376        0.00045        0.11622        0.00169        0.15395        -457.08104     0              
Line41         0.00010        0.10000        0.00066        0.13387        0.00034        0.11737        0.00128        0.15268        -451.53019     0              
Line42         0.00010        0.10000        0.00105        0.12148        0.00056        0.10523        0.00197        0.14025        -467.39179     0              
Line43         0.00010        0.10000        0.00045        0.14719        0.00021        0.12739        0.00098        0.17006        -449.91843     0              
Line44         0.00010        0.10000        0.00073        0.13705        0.00036        0.11829        0.00148        0.15879        -456.84396     0              
Line45         0.00010        0.10000        0.00071        0.13690        0.00036        0.11930        0.00139        0.15709        -452.49660     0              
Line46         0.00010        0.10000        0.00087        0.12906        0.00044        0.11176        0.00169        0.14903        -461.74192     0              
Line47         0.00010        0.10000        0.00131        0.12116        0.00071        0.10494        0.00239        0.13989        -466.81154     0              
Line48         0.00010        0.10000        0.00151        0.11765        0.00086        0.10240        0.00266        0.13518        -466.22069     0              
Line49         0.00010        0.10000        0.00085        0.13281        0.00044        0.11565        0.00163        0.15253        -455.94702     0              
Line50         0.00010        0.10000        0.00052        0.14817        0.00024        0.12804        0.00112        0.17146        -448.63618     0              
Line51         0.00010        0.10000        0.00075        0.13846        0.00037        0.11953        0.00152        0.16038        -455.41199     0              
Line52         0.00010        0.10000        0.00092        0.12565        0.00048        0.10916        0.00175        0.14465        -463.14504     0              
Line53         0.00010        0.10000        0.00085        0.13111        0.00044        0.11364        0.00166        0.15126        -459.78100     0              
Line54         0.00010        0.10000        0.00104        0.13140        0.00056        0.11463        0.00192        0.15061        -454.13716     0              
Line55         0.00010        0.10000        0.00083        0.13166        0.00043        0.11486        0.00159        0.15092        -455.96817     0              
Line56         0.00010        0.10000        0.00074        0.13852        0.00038        0.12064        0.00145        0.15905        -451.63361     0              
Line57         0.00010        0.10000        0.00132        0.12036        0.00073        0.10459        0.00238        0.13851        -466.32008     0              
Line58         0.00010        0.10000        0.00093        0.13051        0.00048        0.11325        0.00178        0.15040        -459.17210     0              
Line59         0.00010        0.10000        0.00108        0.12935        0.00058        0.11241        0.00201        0.14884        -459.67466     0              
Line60         0.00010        0.10000        0.00078        0.13226        0.00040        0.11504        0.00151        0.15206        -457.51259     0              
Line61         0.00010        0.10000        0.00078        0.13626        0.00038        0.11746        0.00157        0.15807        -457.91546     0              
Line62         0.00010        0.10000        0.00031        0.16733        0.00014        0.14477        0.00073        0.19341        -435.08883     0              
Line63         0.00010        0.10000        0.00094        0.12913        0.00049        0.11179        0.00181        0.14915        -461.23523     0              
Line64         0.00010        0.10000        0.00059        0.14600        0.00028        0.12628        0.00124        0.16880        -448.31765     0              
Line65         0.00010        0.10000        0.00066        0.13209        0.00033        0.11464        0.00132        0.15220        -460.34223     0              
Line66         0.00010        0.10000        0.00184        0.11235        0.00104        0.09665        0.00327        0.13061        -474.32389     0              
Line67         0.00010        0.10000        0.00061        0.13584        0.00031        0.11850        0.00122        0.15571        -453.57615     0              
Line68         0.00010        0.10000        0.00063        0.13990        0.00032        0.12199        0.00127        0.16045        -450.29633     0              
Line69         0.00010        0.10000        0.00069        0.14009        0.00035        0.12230        0.00135        0.16046        -449.72127     0              
Line70         0.00010        0.10000        0.00110        0.12252        0.00059        0.10622        0.00205        0.14132        -465.58039     0              
Line71         0.00010        0.10000        0.00105        0.12111        0.00056        0.10519        0.00196        0.13942        -466.16940     0              
Line72         0.00010        0.10000        0.00084        0.12779        0.00044        0.11147        0.00159        0.14650        -459.20040     0              
Line73         0.00010        0.10000        0.00078        0.13197        0.00041        0.11527        0.00150        0.15109        -454.85566     0              
Line74         0.00010        0.10000        0.00058        0.14409        0.00028        0.12428        0.00124        0.16706        -453.30667     0              
Line75         0.00010        0.10000        0.00076        0.13205        0.00039        0.11512        0.00147        0.15147        -456.31721     0              
Line76         0.00010        0.10000        0.00080        0.12842        0.00041        0.11151        0.00156        0.14789        -461.74523     0              
Line77         0.00010        0.10000        0.00036        0.15745        0.00016        0.13623        0.00082        0.18199        -441.68450     0              
Line78         0.00010        0.10000        0.00101        0.12205        0.00055        0.10669        0.00185        0.13962        -461.80000     0              
Line79         0.00010        0.10000        0.00050        0.14435        0.00024        0.12614        0.00102        0.16519        -445.22223     0              
Line80         0.00010        0.10000        0.00092        0.13100        0.00048        0.11369        0.00176        0.15095        -459.49609     0              
Line81         0.00010        0.10000        0.00069        0.14364        0.00034        0.12428        0.00141        0.16602        -450.03981     0              
Line82         0.00010        0.10000        0.00063        0.13982        0.00030        0.12104        0.00129        0.16152        -453.91638     0              
Line83         0.00010        0.10000        0.00066        0.13569        0.00034        0.11870        0.00129        0.15511        -452.40659     0              
Line84         0.00010        0.10000        0.00071        0.13295        0.00036        0.11572        0.00138        0.15276        -457.52187     0              
Line85         0.00010        0.10000        0.00062        0.14699        0.00029        0.12667        0.00132        0.17056        -450.01673     0              
Line86         0.00010        0.10000        0.00112        0.11914        0.00061        0.10354        0.00205        0.13710        -467.70270     0              
Line87         0.00010        0.10000        0.00015        0.18155        0.00006        0.15745        0.00037        0.20934        -426.25735     0              
Line88         0.00010        0.10000        0.00079        0.13556        0.00040        0.11792        0.00153        0.15584        -455.53464     0              
Line89         0.00010        0.10000        0.00044        0.15284        0.00020        0.13239        0.00095        0.17644        -444.58319     0              
Line90         0.00010        0.10000        0.00087        0.13258        0.00045        0.11520        0.00168        0.15259        -456.86790     0              
Line91         0.00010        0.10000        0.00069        0.13539        0.00035        0.11768        0.00138        0.15577        -455.21628     0              
Line92         0.00010        0.10000        0.00045        0.14868        0.00022        0.12983        0.00094        0.17025        -443.91653     0              
Line93         0.00010        0.10000        0.00104        0.12900        0.00055        0.11217        0.00194        0.14836        -459.68919     0              
Line94         0.00010        0.10000        0.00076        0.13413        0.00039        0.11661        0.00149        0.15428        -456.18052     0              
Line95         0.00010        0.10000        0.00051        0.14956        0.00024        0.12967        0.00108        0.17250        -445.06063     0              
Line96         0.00010        0.10000        0.00076        0.13721        0.00038        0.11839        0.00154        0.15902        -456.91263     0              
Line97         0.00010        0.10000        0.00071        0.13303        0.00036        0.11622        0.00137        0.15227        -454.02251     0              
Line98         0.00010        0.10000        0.00149        0.11654        0.00083        0.10083        0.00267        0.13470        -470.03554     0              
Line99         0.00010        0.10000        0.00051        0.15095        0.00023        0.13054        0.00109        0.17455        -446.13054     0              
Line100        0.00010        0.10000        0.00065        0.14350        0.00031        0.12373        0.00135        0.16643        -452.06900     0              
Line101        0.00010        0.10000        0.00131        0.12193        0.00071        0.10555        0.00241        0.14086        -466.29082     0              
Line102        0.00010        0.10000        0.00096        0.12938        0.00050        0.11213        0.00184        0.14929        -460.51674     0              
Line103        0.00010        0.10000        0.00086        0.13404        0.00043        0.11544        0.00173        0.15564        -459.90514     0              
Line104        0.00010        0.10000        0.00084        0.13203        0.00043        0.11484        0.00162        0.15179        -456.24496     0              
Line105        0.00010        0.10000        0.00059        0.14837        0.00028        0.12834        0.00123        0.17154        -447.80891     0              
Line106        0.00010        0.10000        0.00031        0.15975        0.00013        0.13815        0.00071        0.18472        -441.17675     0              
Line107        0.00010        0.10000        0.00189        0.10808        0.00109        0.09341        0.00327        0.12505        -477.05614     0              
Line108        0.00010        0.10000        0.00059        0.14681        0.00029        0.12736        0.00123        0.16922        -446.08804     0              
Line109        0.00010        0.10000        0.00087        0.13269        0.00045        0.11556        0.00166        0.15236        -455.79661     0              
Line110        0.00010        0.10000        0.00048        0.15115        0.00022        0.13103        0.00102        0.17435        -444.49946     0              
Line111        0.00010        0.10000        0.00096        0.12933        0.00049        0.11133        0.00189        0.15023        -462.76216     0              
Line112        0.00010        0.10000        0.00045        0.15583        0.00021        0.13565        0.00095        0.17902        -440.56609     0              
Line113        0.00010        0.10000        0.00090        0.12944        0.00046        0.11195        0.00174        0.14966        -463.37866     0              
Line114        0.00010        0.10000        0.00084        0.13253        0.00043        0.11511        0.00163        0.15258        -458.01803     0              
Line115        0.00010        0.10000        0.00083        0.12739        0.00043        0.11074        0.00160        0.14655        -461.87915     0              
Line116        0.00010        0.10000        0.00063        0.14052        0.00032        0.12275        0.00125        0.16085        -449.24813     0              
Line117        0.00010        0.10000        0.00070        0.14067        0.00034        0.12164        0.00142        0.16267        -452.14773     0              
Line118        0.00010        0.10000        0.00124        0.12251        0.00068        0.10656        0.00225        0.14086        -465.25132     0              
Line119        0.00010        0.10000        0.00073        0.13613        0.00036        0.11736        0.00150        0.15790        -458.64270     0              
Line120        0.00010        0.10000        0.00068        0.13520        0.00035        0.11822        0.00133        0.15463        -451.76103     0              
Line121        0.00010        0.10000        0.00029        0.16346        0.00013        0.14169        0.00067        0.18857        -437.08965     0              
Line122        0.00010        0.10000        0.00060        0.14683        0.00029        0.12724        0.00125        0.16943        -447.06700     0              
Line123        0.00010        0.10000        0.00096        0.12496        0.00050        0.10845        0.00182        0.14398        -463.74069     0              
Line124        0.00010        0.10000        0.00122        0.11875        0.00066        0.10280        0.00225        0.13716        -468.80607     0              
Line125        0.00010        0.10000        0.00062        0.14266        0.00031        0.12475        0.00123        0.16313        -446.73396     0              
Line126        0.00010        0.10000        0.00100        0.12934        0.00052        0.11144        0.00195        0.15011        -461.75234     0              
Line127        0.00010        0.10000        0.00077        0.13321        0.00039        0.11572        0.00151        0.15334        -456.51021     0              
Line128        0.00010        0.10000        0.00100        0.12316        0.00055        0.10753        0.00185        0.14107        -462.91505     0              
Line129        0.00010        0.10000        0.00129        0.12456        0.00070        0.10807        0.00236        0.14357        -461.77495     0              
Line130        0.00010        0.10000        0.00091        0.12971        0.00049        0.11349        0.00169        0.14825        -455.76599     0              
